{"method":"PATCH","url":"/post/87","status":200,"timestamp":"23/03/30 16:22:37","user":"adminke1"}
{"method":"PATCH","url":"/post/87","status":200,"timestamp":"23/03/30 16:22:46","user":"adminke1"}
{"method":"PATCH","url":"/post/87","status":200,"timestamp":"23/03/30 16:24:58","user":"adminke1"}
{"method":"PATCH","url":"/post/87","status":200,"timestamp":"23/03/30 16:25:11","user":"adminke1"}
{"method":"PATCH","url":"/post/87","status":200,"timestamp":"23/03/30 16:25:16","user":"adminke1"}
{"method":"PATCH","url":"/post/87","status":200,"timestamp":"23/03/30 16:25:20","user":"adminke1"}
{"method":"POST","url":"/post","status":200,"timestamp":"23/03/30 16:25:43","user":"adminke1"}
{"method":"POST","url":"/post","status":200,"timestamp":"23/03/30 16:25:48","user":"adminke1"}
{"method":"DELETE","url":"/post/91","status":200,"timestamp":"23/03/30 16:25:57","user":"adminke1"}
{"method":"POST","url":"/likes","status":200,"timestamp":"23/03/30 16:27:27","user":"pedropascal"}
{"method":"POST","url":"/likes","status":200,"timestamp":"23/03/30 16:27:28","user":"pedropascal"}
{"method":"POST","url":"/1/likes","status":200,"timestamp":"23/03/30 16:27:32","user":"pedropascal"}
{"method":"POST","url":"/1/likes","status":200,"timestamp":"23/03/30 16:27:33","user":"pedropascal"}
{"method":"POST","url":"/likes","status":200,"timestamp":"23/03/30 17:29:37","user":"adminke1"}
{"method":"POST","url":"/likes","status":200,"timestamp":"23/03/30 17:29:37","user":"adminke1"}
{"method":"POST","url":"/post","status":200,"timestamp":"23/03/30 17:30:01","user":"adminke1"}
{"method":"POST","url":"/users","status":200,"timestamp":"23/03/30 18:01:11"}
{"method":"POST","url":"/likes","status":200,"timestamp":"23/03/30 18:31:20","user":"pedropascal"}
{"method":"POST","url":"/post/47/comment","status":200,"timestamp":"23/03/30 18:31:24","user":"pedropascal"}
{"method":"DELETE","url":"/post/47","status":200,"timestamp":"23/03/30 18:31:57","user":"adminke1"}
{"method":"PATCH","url":"/users/c11d54c5-76ca-4dd3-b80a-2a7078523a73","status":200,"timestamp":"23/03/30 18:35:27"}
{"method":"PATCH","url":"/users/c11d54c5-76ca-4dd3-b80a-2a7078523a73","status":200,"timestamp":"23/03/30 18:35:27"}
{"method":"PATCH","url":"/users/c11d54c5-76ca-4dd3-b80a-2a7078523a73","status":200,"timestamp":"23/03/30 18:36:38"}
{"method":"PATCH","url":"/users/c11d54c5-76ca-4dd3-b80a-2a7078523a73","status":200,"timestamp":"23/03/30 18:36:38"}
{"method":"PATCH","url":"/users/c11d54c5-76ca-4dd3-b80a-2a7078523a73","status":200,"timestamp":"23/03/30 18:36:48"}
{"method":"PATCH","url":"/users/c11d54c5-76ca-4dd3-b80a-2a7078523a73","status":200,"timestamp":"23/03/30 18:36:48"}
{"method":"POST","url":"/post","status":200,"timestamp":"23/03/30 18:40:52","user":"rzkrmdhn0198"}
{"method":"POST","url":"/likes","status":200,"timestamp":"23/03/30 18:41:08","user":"rzkrmdhn0198"}
{"method":"POST","url":"/likes","status":200,"timestamp":"23/03/30 18:41:09","user":"rzkrmdhn0198"}
{"method":"DELETE","url":"/users/40","status":200,"timestamp":"23/03/30 18:43:30"}
{"method":"DELETE","url":"/users/40","status":200,"timestamp":"23/03/30 18:43:30","user":"rzkrmdhn0198"}
{"method":"POST","url":"/likes","status":200,"timestamp":"23/03/30 18:43:48","user":"rzkrmdhn0198"}
{"method":"POST","url":"/post/92/comment","status":200,"timestamp":"23/03/30 18:44:13","user":"rzkrmdhn0198"}
{"method":"POST","url":"/post/87/comment","status":200,"timestamp":"23/03/30 18:44:32","user":"rzkrmdhn0198"}
{"method":"POST","url":"/likes","status":200,"timestamp":"23/03/30 18:46:04","user":"rzkrmdhn0198"}
{"method":"POST","url":"/likes","status":200,"timestamp":"23/03/30 18:46:05","user":"rzkrmdhn0198"}
{"method":"POST","url":"/likes","status":200,"timestamp":"23/03/30 18:49:02","user":"rzkrmdhn0198"}
{"method":"POST","url":"/likes","status":200,"timestamp":"23/03/30 18:49:03","user":"rzkrmdhn0198"}
{"method":"POST","url":"/likes","status":200,"timestamp":"23/03/30 18:49:04","user":"rzkrmdhn0198"}
{"method":"POST","url":"/likes","status":200,"timestamp":"23/03/30 19:49:53","user":"rzkrmdhn0198"}
{"method":"POST","url":"/likes","status":200,"timestamp":"23/03/30 19:49:55","user":"rzkrmdhn0198"}
{"method":"POST","url":"/likes","status":200,"timestamp":"23/03/30 19:49:55","user":"rzkrmdhn0198"}
{"method":"POST","url":"/likes","status":200,"timestamp":"23/03/30 19:49:55","user":"rzkrmdhn0198"}
{"method":"POST","url":"/likes","status":200,"timestamp":"23/03/30 19:49:56","user":"rzkrmdhn0198"}
{"method":"POST","url":"/likes","status":200,"timestamp":"23/03/30 19:49:56","user":"rzkrmdhn0198"}
{"method":"POST","url":"/likes","status":200,"timestamp":"23/03/30 19:49:56","user":"rzkrmdhn0198"}
{"method":"POST","url":"/likes","status":200,"timestamp":"23/03/30 19:49:57","user":"rzkrmdhn0198"}
{"method":"POST","url":"/likes","status":200,"timestamp":"23/03/30 19:49:58","user":"rzkrmdhn0198"}
{"method":"POST","url":"/likes","status":200,"timestamp":"23/03/30 19:49:58","user":"rzkrmdhn0198"}
{"method":"POST","url":"/likes","status":200,"timestamp":"23/03/30 19:49:58","user":"rzkrmdhn0198"}
{"method":"POST","url":"/likes","status":200,"timestamp":"23/03/30 19:49:58","user":"rzkrmdhn0198"}
{"method":"POST","url":"/likes","status":200,"timestamp":"23/03/30 19:49:58","user":"rzkrmdhn0198"}
{"method":"POST","url":"/likes","status":200,"timestamp":"23/03/30 19:49:58","user":"rzkrmdhn0198"}
{"method":"POST","url":"/likes","status":200,"timestamp":"23/03/30 19:49:59","user":"rzkrmdhn0198"}
{"method":"POST","url":"/likes","status":200,"timestamp":"23/03/30 19:49:59","user":"rzkrmdhn0198"}
{"method":"POST","url":"/likes","status":200,"timestamp":"23/03/30 19:49:59","user":"rzkrmdhn0198"}
{"method":"POST","url":"/post/86/comment","status":200,"timestamp":"23/03/30 19:52:20","user":"rzkrmdhn0198"}
{"method":"PATCH","url":"/post/86/comment/109","status":200,"timestamp":"23/03/30 19:52:41","user":"rzkrmdhn0198"}
{"method":"DELETE","url":"/post/86/comment/109","status":200,"timestamp":"23/03/30 19:52:46","user":"rzkrmdhn0198"}
{"method":"PATCH","url":"/post/92","status":200,"timestamp":"23/03/30 19:53:12","user":"rzkrmdhn0198"}
{"method":"POST","url":"/likes","status":200,"timestamp":"23/03/30 19:53:44","user":"rzkrmdhn0198"}
{"method":"POST","url":"/likes","status":200,"timestamp":"23/03/30 19:53:45","user":"rzkrmdhn0198"}
{"method":"POST","url":"/likes","status":200,"timestamp":"23/03/30 19:53:45","user":"rzkrmdhn0198"}
{"method":"POST","url":"/likes","status":200,"timestamp":"23/03/30 19:53:45","user":"rzkrmdhn0198"}
{"method":"POST","url":"/likes","status":200,"timestamp":"23/03/30 19:53:45","user":"rzkrmdhn0198"}
{"method":"POST","url":"/likes","status":200,"timestamp":"23/03/30 19:53:46","user":"rzkrmdhn0198"}
{"method":"POST","url":"/likes","status":200,"timestamp":"23/03/30 19:53:46","user":"rzkrmdhn0198"}
{"method":"POST","url":"/likes","status":200,"timestamp":"23/03/30 19:53:46","user":"rzkrmdhn0198"}
{"method":"POST","url":"/likes","status":200,"timestamp":"23/03/30 19:53:48","user":"rzkrmdhn0198"}
{"method":"POST","url":"/likes","status":200,"timestamp":"23/03/30 19:53:49","user":"rzkrmdhn0198"}
{"method":"PATCH","url":"/users/a1cfc28f-9f1c-4ea5-adfa-2d7ef33526df","status":200,"timestamp":"23/03/30 19:54:23"}
{"method":"PATCH","url":"/users/a1cfc28f-9f1c-4ea5-adfa-2d7ef33526df","status":200,"timestamp":"23/03/30 19:54:23"}
{"method":"PATCH","url":"/users/a1cfc28f-9f1c-4ea5-adfa-2d7ef33526df","status":200,"timestamp":"23/03/30 19:54:29"}
{"method":"PATCH","url":"/users/a1cfc28f-9f1c-4ea5-adfa-2d7ef33526df","status":200,"timestamp":"23/03/30 19:54:29"}
{"method":"POST","url":"/forum","status":200,"timestamp":"23/03/30 20:01:37","user":"rzkrmdhn0198"}
{"method":"PATCH","url":"/forum/23","status":200,"timestamp":"23/03/30 20:02:10","user":"rzkrmdhn0198"}
{"method":"PATCH","url":"/forum/23","status":200,"timestamp":"23/03/30 20:02:48","user":"rzkrmdhn0198"}
{"method":"DELETE","url":"/forum/23","status":200,"timestamp":"23/03/30 20:03:08","user":"rzkrmdhn0198"}
{"method":"POST","url":"/likes","status":200,"timestamp":"23/03/30 20:08:41","user":"alexfer"}
{"method":"POST","url":"/post/92/comment","status":200,"timestamp":"23/03/30 20:08:48","user":"alexfer"}
{"method":"PATCH","url":"/post/92/comment/110","status":200,"timestamp":"23/03/30 20:08:55","user":"alexfer"}
{"method":"PATCH","url":"/post/92/comment/110","status":200,"timestamp":"23/03/30 20:08:59","user":"alexfer"}
{"method":"POST","url":"/likes","status":200,"timestamp":"23/03/30 20:21:55","user":"alexfer"}
{"method":"POST","url":"/likes","status":200,"timestamp":"23/03/30 20:21:56","user":"alexfer"}
{"method":"POST","url":"/likes","status":200,"timestamp":"23/03/30 20:21:57","user":"alexfer"}
{"method":"POST","url":"/likes","status":200,"timestamp":"23/03/30 20:21:58","user":"alexfer"}
{"method":"POST","url":"/post","status":200,"timestamp":"23/03/30 20:23:03","user":"alexfer"}
{"method":"POST","url":"/post/93/comment","status":200,"timestamp":"23/03/30 20:24:19","user":"alexfer"}
{"method":"POST","url":"/likes","status":200,"timestamp":"23/03/30 20:27:34","user":"alexfer"}
{"method":"POST","url":"/likes","status":200,"timestamp":"23/03/30 20:27:40","user":"alexfer"}
{"method":"POST","url":"/likes","status":200,"timestamp":"23/03/30 20:27:40","user":"alexfer"}
{"method":"POST","url":"/likes","status":200,"timestamp":"23/03/30 20:27:41","user":"alexfer"}
{"method":"POST","url":"/likes","status":200,"timestamp":"23/03/30 20:27:41","user":"alexfer"}
{"method":"POST","url":"/likes","status":200,"timestamp":"23/03/30 20:27:42","user":"alexfer"}
{"method":"POST","url":"/likes","status":200,"timestamp":"23/03/30 20:27:43","user":"alexfer"}
{"method":"POST","url":"/likes","status":200,"timestamp":"23/03/30 20:27:53","user":"alexfer"}
{"method":"POST","url":"/likes","status":200,"timestamp":"23/03/30 20:27:54","user":"alexfer"}
{"method":"POST","url":"/likes","status":200,"timestamp":"23/03/30 20:27:54","user":"alexfer"}
{"method":"POST","url":"/likes","status":200,"timestamp":"23/03/30 20:27:54","user":"alexfer"}
{"method":"POST","url":"/likes","status":200,"timestamp":"23/03/31 07:51:10","user":"rzkrmdhn0198"}
{"method":"POST","url":"/likes","status":200,"timestamp":"23/03/31 07:51:10","user":"rzkrmdhn0198"}
{"method":"POST","url":"/users","status":200,"timestamp":"23/03/31 10:38:02"}
{"method":"POST","url":"/users","status":200,"timestamp":"23/03/31 10:38:43"}
{"method":"PATCH","url":"/users/f9efde01-2e4b-444a-ac5f-9fed17ba879b","status":200,"timestamp":"23/03/31 10:40:26"}
{"method":"PATCH","url":"/users/f9efde01-2e4b-444a-ac5f-9fed17ba879b","status":200,"timestamp":"23/03/31 10:40:26"}
{"method":"PATCH","url":"/users/f9efde01-2e4b-444a-ac5f-9fed17ba879b","status":200,"timestamp":"23/03/31 10:40:56"}
{"method":"PATCH","url":"/users/f9efde01-2e4b-444a-ac5f-9fed17ba879b","status":200,"timestamp":"23/03/31 10:40:56"}
{"method":"PATCH","url":"/users/f9efde01-2e4b-444a-ac5f-9fed17ba879b","status":200,"timestamp":"23/03/31 10:41:24"}
{"method":"PATCH","url":"/users/f9efde01-2e4b-444a-ac5f-9fed17ba879b","status":200,"timestamp":"23/03/31 10:41:24"}
{"method":"POST","url":"/post","status":200,"timestamp":"23/03/31 10:42:38","user":"pedro"}
{"method":"POST","url":"/likes","status":200,"timestamp":"23/03/31 10:42:57","user":"pedro"}
{"method":"POST","url":"/likes","status":200,"timestamp":"23/03/31 10:42:58","user":"pedro"}
{"method":"POST","url":"/likes","status":200,"timestamp":"23/03/31 10:43:00","user":"pedro"}
{"method":"POST","url":"/post/94/comment","status":200,"timestamp":"23/03/31 10:43:18","user":"pedro"}
{"method":"PATCH","url":"/post/94","status":200,"timestamp":"23/03/31 10:44:41","user":"pedro"}
{"method":"PATCH","url":"/post/94/comment/112","status":200,"timestamp":"23/03/31 10:45:06","user":"pedro"}
{"method":"DELETE","url":"/post/94/comment/112","status":200,"timestamp":"23/03/31 10:45:25","user":"pedro"}
{"method":"POST","url":"/likes","status":200,"timestamp":"23/03/31 10:45:52","user":"pedro"}
{"method":"POST","url":"/post/93/comment","status":200,"timestamp":"23/03/31 10:45:55","user":"pedro"}
{"method":"PATCH","url":"/users/f9efde01-2e4b-444a-ac5f-9fed17ba879b","status":200,"timestamp":"23/03/31 10:47:40"}
{"method":"PATCH","url":"/users/f9efde01-2e4b-444a-ac5f-9fed17ba879b","status":200,"timestamp":"23/03/31 10:47:40"}
{"method":"DELETE","url":"/users/29","status":200,"timestamp":"23/03/31 10:48:24"}
{"method":"DELETE","url":"/users/29","status":200,"timestamp":"23/03/31 10:48:24","user":"rzkrmdhn0198"}
{"method":"POST","url":"/forum","status":200,"timestamp":"23/03/31 10:49:32","user":"rzkrmdhn0198"}
{"method":"PATCH","url":"/forum/24","status":200,"timestamp":"23/03/31 10:49:58","user":"rzkrmdhn0198"}
{"method":"DELETE","url":"/forum/24","status":200,"timestamp":"23/03/31 10:50:48","user":"rzkrmdhn0198"}
{"method":"POST","url":"/post","status":200,"timestamp":"23/03/31 11:14:45","user":"rzkrmdhn0198"}
{"method":"POST","url":"/post","status":200,"timestamp":"23/03/31 11:15:11","user":"rzkrmdhn0198"}
{"method":"DELETE","url":"/post/95","status":200,"timestamp":"23/04/04 14:05:07","user":"rzkrmdhn0198"}
{"method":"POST","url":"/likes","status":200,"timestamp":"23/04/04 14:12:16","user":"rzkrmdhn0198"}
{"method":"POST","url":"/likes","status":200,"timestamp":"23/04/04 14:12:18","user":"rzkrmdhn0198"}
{"method":"POST","url":"/likes","status":200,"timestamp":"23/04/04 14:12:21","user":"rzkrmdhn0198"}
{"method":"POST","url":"/likes","status":200,"timestamp":"23/04/04 14:12:24","user":"rzkrmdhn0198"}
{"method":"POST","url":"/likes","status":200,"timestamp":"23/04/04 14:12:26","user":"rzkrmdhn0198"}
{"method":"POST","url":"/likes","status":200,"timestamp":"23/04/04 14:12:29","user":"rzkrmdhn0198"}
{"method":"POST","url":"/likes","status":200,"timestamp":"23/04/04 14:12:30","user":"rzkrmdhn0198"}
